{"database":"event_locator","host":"localhost","level":"debug","message":"Database connection details:","passwordProvided":true,"port":"5433","service":"event-locator-api","timestamp":"2025-04-03 17:37:26","user":"postgres"}
{"database":"event_locator","host":"localhost","level":"debug","message":"Database connection details:","passwordProvided":true,"port":"5433","service":"event-locator-api","timestamp":"2025-04-03 17:42:12","user":"postgres"}
{"database":"event_locator","host":"localhost","level":"debug","message":"Database connection details:","passwordProvided":true,"port":"5433","service":"event-locator-api","timestamp":"2025-04-03 17:57:00","user":"postgres"}
{"database":"event_locator","host":"localhost","level":"debug","message":"Database connection details:","passwordProvided":true,"port":"5433","service":"event-locator-api","timestamp":"2025-04-03 18:01:13","user":"postgres"}
{"database":"event_locator","host":"localhost","level":"debug","message":"Database connection details:","passwordProvided":true,"port":"5433","service":"event-locator-api","timestamp":"2025-04-03 18:09:35","user":"postgres"}
{"database":"event_locator","host":"localhost","level":"debug","message":"Database connection details:","passwordProvided":true,"port":"5433","service":"event-locator-api","timestamp":"2025-04-03 18:16:49","user":"postgres"}
{"database":"event_locator","host":"localhost","level":"debug","message":"Database connection details:","passwordProvided":true,"port":"5433","service":"event-locator-api","timestamp":"2025-04-03 18:26:14","user":"postgres"}
{"database":"event_locator","host":"localhost","level":"debug","message":"Database connection details:","passwordProvided":true,"port":"5433","service":"event-locator-api","timestamp":"2025-04-03 18:27:51","user":"postgres"}
{"database":"event_locator","host":"localhost","level":"debug","message":"Database connection details:","passwordProvided":true,"port":"5433","service":"event-locator-api","timestamp":"2025-04-03 18:28:55","user":"postgres"}
{"database":"event_locator","host":"localhost","level":"debug","message":"Database connection details:","passwordProvided":true,"port":"5433","service":"event-locator-api","timestamp":"2025-04-03 18:30:03","user":"postgres"}
{"database":"event_locator","host":"localhost","level":"debug","message":"Database connection details:","passwordProvided":true,"port":"5433","service":"event-locator-api","timestamp":"2025-04-03 18:31:04","user":"postgres"}
{"database":"event_locator","host":"localhost","level":"debug","message":"Database connection details:","passwordProvided":true,"port":"5433","service":"event-locator-api","timestamp":"2025-04-03 18:34:20","user":"postgres"}
{"database":"event_locator","host":"localhost","level":"debug","message":"Database connection details:","passwordProvided":true,"port":"5433","service":"event-locator-api","timestamp":"2025-04-03 19:24:37","user":"postgres"}
{"level":"info","message":"New user registered: renoirkaze@gmail.com (ID: 20)","service":"event-locator-api","timestamp":"2025-04-03 19:25:31"}
{"level":"info","message":"User logged in: renoirkaze@gmail.com (ID: 20)","service":"event-locator-api","timestamp":"2025-04-03 19:26:34"}
{"level":"info","message":"Registration attempt with existing email: test@example.com","service":"event-locator-api","timestamp":"2025-04-03 21:28:18"}
{"database":"event_locator","host":"localhost","level":"debug","message":"Database connection details:","passwordProvided":true,"port":"5433","service":"event-locator-api","timestamp":"2025-04-03 21:30:55","user":"postgres"}
{"level":"info","message":"Server running on port 3000","service":"event-locator-api","timestamp":"2025-04-03 21:30:56"}
{"level":"info","message":"API Documentation available at http://localhost:3000/api-docs","service":"event-locator-api","timestamp":"2025-04-03 21:30:56"}
{"level":"info","message":"i18next initialized successfully","service":"event-locator-api","timestamp":"2025-04-03 21:30:56"}
{"level":"info","message":"Available languages: en","service":"event-locator-api","timestamp":"2025-04-03 21:30:56"}
{"level":"info","message":"Default language: en","service":"event-locator-api","timestamp":"2025-04-03 21:30:56"}
{"level":"info","message":"New client connected to PostgreSQL","service":"event-locator-api","timestamp":"2025-04-03 21:30:56"}
{"level":"info","message":"PostGIS extension is available","service":"event-locator-api","timestamp":"2025-04-03 21:30:56"}
{"level":"info","message":"Connected to database with PostGIS version: 3.5 USE_GEOS=1 USE_PROJ=1 USE_STATS=1","service":"event-locator-api","timestamp":"2025-04-03 21:30:56"}
{"level":"info","message":"Successfully connected to database: event_locator","service":"event-locator-api","timestamp":"2025-04-03 21:30:56"}
{"level":"info","message":"Database connection successful","service":"event-locator-api","timestamp":"2025-04-03 21:30:56"}
{"authHeader":"Not present","ip":"::1","level":"info","message":"GET /api/health","service":"event-locator-api","timestamp":"2025-04-03 21:31:04","userAgent":"Mozilla/5.0 (Windows NT; Windows NT 10.0; en-US) WindowsPowerShell/5.1.26100.3624"}
{"level":"info","message":"Connected to database with PostGIS version: 3.5 USE_GEOS=1 USE_PROJ=1 USE_STATS=1","service":"event-locator-api","timestamp":"2025-04-03 21:31:04"}
{"level":"info","message":"Successfully connected to database: event_locator","service":"event-locator-api","timestamp":"2025-04-03 21:31:04"}
{"authHeader":"Not present","ip":"::1","level":"info","message":"POST /api/auth/register","service":"event-locator-api","timestamp":"2025-04-03 21:31:13","userAgent":"Mozilla/5.0 (Windows NT; Windows NT 10.0; en-US) WindowsPowerShell/5.1.26100.3624"}
{"level":"info","message":"Registration attempt with existing email: test@example.com","service":"event-locator-api","timestamp":"2025-04-03 21:31:13"}
{"database":"event_locator","host":"localhost","level":"debug","message":"Database connection details:","passwordProvided":true,"port":"5433","service":"event-locator-api","timestamp":"2025-04-03 21:34:43","user":"postgres"}
{"level":"info","message":"Server running on port 3000","service":"event-locator-api","timestamp":"2025-04-03 21:34:44"}
{"level":"info","message":"API Documentation available at http://localhost:3000/api-docs","service":"event-locator-api","timestamp":"2025-04-03 21:34:44"}
{"level":"info","message":"i18next initialized successfully","service":"event-locator-api","timestamp":"2025-04-03 21:34:44"}
{"level":"info","message":"Available languages: en","service":"event-locator-api","timestamp":"2025-04-03 21:34:44"}
{"level":"info","message":"Default language: en","service":"event-locator-api","timestamp":"2025-04-03 21:34:44"}
{"level":"info","message":"New client connected to PostgreSQL","service":"event-locator-api","timestamp":"2025-04-03 21:34:44"}
{"level":"info","message":"PostGIS extension is available","service":"event-locator-api","timestamp":"2025-04-03 21:34:44"}
{"level":"info","message":"Connected to database with PostGIS version: 3.5 USE_GEOS=1 USE_PROJ=1 USE_STATS=1","service":"event-locator-api","timestamp":"2025-04-03 21:34:44"}
{"level":"info","message":"Successfully connected to database: event_locator","service":"event-locator-api","timestamp":"2025-04-03 21:34:44"}
{"level":"info","message":"Database connection successful","service":"event-locator-api","timestamp":"2025-04-03 21:34:44"}
{"authHeader":"Not present","ip":"::1","level":"info","message":"GET /api/health","service":"event-locator-api","timestamp":"2025-04-03 21:34:56","userAgent":"Mozilla/5.0 (Windows NT; Windows NT 10.0; en-US) WindowsPowerShell/5.1.26100.3624"}
{"level":"info","message":"Connected to database with PostGIS version: 3.5 USE_GEOS=1 USE_PROJ=1 USE_STATS=1","service":"event-locator-api","timestamp":"2025-04-03 21:34:56"}
{"level":"info","message":"Successfully connected to database: event_locator","service":"event-locator-api","timestamp":"2025-04-03 21:34:56"}
{"authHeader":"Not present","ip":"::1","level":"info","message":"POST /api/auth/register","service":"event-locator-api","timestamp":"2025-04-03 21:35:16","userAgent":"Mozilla/5.0 (Windows NT; Windows NT 10.0; en-US) WindowsPowerShell/5.1.26100.3624"}
{"level":"info","message":"New user registered: test4@example.com (ID: 23)","service":"event-locator-api","timestamp":"2025-04-03 21:35:16"}
{"database":"event_locator","host":"localhost","level":"debug","message":"Database connection details:","passwordProvided":true,"port":"5433","service":"event-locator-api","timestamp":"2025-04-03 21:40:55","user":"postgres"}
{"level":"info","message":"Server running on port 3000","service":"event-locator-api","timestamp":"2025-04-03 21:40:55"}
{"level":"info","message":"API Documentation available at http://localhost:3000/api-docs","service":"event-locator-api","timestamp":"2025-04-03 21:40:55"}
{"level":"info","message":"i18next initialized successfully","service":"event-locator-api","timestamp":"2025-04-03 21:40:55"}
{"level":"info","message":"Available languages: en","service":"event-locator-api","timestamp":"2025-04-03 21:40:55"}
{"level":"info","message":"Default language: en","service":"event-locator-api","timestamp":"2025-04-03 21:40:55"}
{"level":"info","message":"New client connected to PostgreSQL","service":"event-locator-api","timestamp":"2025-04-03 21:40:55"}
{"level":"info","message":"PostGIS extension is available","service":"event-locator-api","timestamp":"2025-04-03 21:40:55"}
{"level":"info","message":"Connected to database with PostGIS version: 3.5 USE_GEOS=1 USE_PROJ=1 USE_STATS=1","service":"event-locator-api","timestamp":"2025-04-03 21:40:56"}
{"level":"info","message":"Successfully connected to database: event_locator","service":"event-locator-api","timestamp":"2025-04-03 21:40:56"}
{"level":"info","message":"Database connection successful","service":"event-locator-api","timestamp":"2025-04-03 21:40:56"}
{"authHeader":"Not present","ip":"::1","level":"info","message":"POST /api/auth/register","service":"event-locator-api","timestamp":"2025-04-03 21:41:04","userAgent":"axios/1.8.4"}
{"level":"info","message":"Registration attempt with existing email: test@example.com","service":"event-locator-api","timestamp":"2025-04-03 21:41:04"}
{"database":"event_locator","host":"localhost","level":"debug","message":"Database connection details:","passwordProvided":true,"port":"5433","service":"event-locator-api","timestamp":"2025-04-03 21:47:57","user":"postgres"}
{"level":"info","message":"Server running on port 3000","service":"event-locator-api","timestamp":"2025-04-03 21:47:57"}
{"level":"info","message":"API Documentation available at http://localhost:3000/api-docs","service":"event-locator-api","timestamp":"2025-04-03 21:47:57"}
{"level":"info","message":"i18next initialized successfully","service":"event-locator-api","timestamp":"2025-04-03 21:47:57"}
{"level":"info","message":"Available languages: en","service":"event-locator-api","timestamp":"2025-04-03 21:47:57"}
{"level":"info","message":"Default language: en","service":"event-locator-api","timestamp":"2025-04-03 21:47:57"}
{"level":"info","message":"New client connected to PostgreSQL","service":"event-locator-api","timestamp":"2025-04-03 21:47:57"}
{"level":"info","message":"PostGIS extension is available","service":"event-locator-api","timestamp":"2025-04-03 21:47:57"}
{"level":"info","message":"Connected to database with PostGIS version: 3.5 USE_GEOS=1 USE_PROJ=1 USE_STATS=1","service":"event-locator-api","timestamp":"2025-04-03 21:47:58"}
{"level":"info","message":"Successfully connected to database: event_locator","service":"event-locator-api","timestamp":"2025-04-03 21:47:58"}
{"level":"info","message":"Database connection successful","service":"event-locator-api","timestamp":"2025-04-03 21:47:58"}
{"authHeader":"Not present","ip":"::1","level":"info","message":"POST /api/auth/register","service":"event-locator-api","timestamp":"2025-04-03 21:48:25","userAgent":"PostmanRuntime/7.43.3"}
{"level":"info","message":"Registration attempt with existing email: r.kaze@alustudent.com","service":"event-locator-api","timestamp":"2025-04-03 21:48:25"}
{"database":"event_locator","host":"localhost","level":"debug","message":"Database connection details:","passwordProvided":true,"port":"5433","service":"event-locator-api","timestamp":"2025-04-03 21:55:06","user":"postgres"}
{"level":"info","message":"Server running on port 3000","service":"event-locator-api","timestamp":"2025-04-03 21:55:06"}
{"level":"info","message":"API Documentation available at http://localhost:3000/api-docs","service":"event-locator-api","timestamp":"2025-04-03 21:55:06"}
{"level":"info","message":"i18next initialized successfully","service":"event-locator-api","timestamp":"2025-04-03 21:55:06"}
{"level":"info","message":"Available languages: en","service":"event-locator-api","timestamp":"2025-04-03 21:55:06"}
{"level":"info","message":"Default language: en","service":"event-locator-api","timestamp":"2025-04-03 21:55:06"}
{"level":"info","message":"New client connected to PostgreSQL","service":"event-locator-api","timestamp":"2025-04-03 21:55:06"}
{"level":"info","message":"PostGIS extension is available","service":"event-locator-api","timestamp":"2025-04-03 21:55:06"}
{"level":"info","message":"Connected to database with PostGIS version: 3.5 USE_GEOS=1 USE_PROJ=1 USE_STATS=1","service":"event-locator-api","timestamp":"2025-04-03 21:55:06"}
{"level":"info","message":"Successfully connected to database: event_locator","service":"event-locator-api","timestamp":"2025-04-03 21:55:06"}
{"level":"info","message":"Database connection successful","service":"event-locator-api","timestamp":"2025-04-03 21:55:06"}
{"authHeader":"Not present","ip":"::1","level":"info","message":"GET /api/categories","service":"event-locator-api","timestamp":"2025-04-03 21:55:41","userAgent":"PostmanRuntime/7.43.3"}
{"level":"info","message":"New client connected to PostgreSQL","service":"event-locator-api","timestamp":"2025-04-03 21:55:41"}
{"level":"info","message":"PostGIS extension is available","service":"event-locator-api","timestamp":"2025-04-03 21:55:41"}
{"error":"error: column \"updated_at\" does not exist\n    at C:\\Users\\user\\CascadeProjects\\Event-Locator-App---Backend\\node_modules\\pg-pool\\index.js:45:11\n    at process.processTicksAndRejections (node:internal/process/task_queues:105:5)\n    at async Object.query (C:\\Users\\user\\CascadeProjects\\Event-Locator-App---Backend\\src\\config\\database.js:76:20)\n    at async Category.getAll (C:\\Users\\user\\CascadeProjects\\Event-Locator-App---Backend\\src\\models\\category.model.js:15:22)\n    at async getAll (C:\\Users\\user\\CascadeProjects\\Event-Locator-App---Backend\\src\\controllers\\category.controller.js:13:26)","level":"error","message":"Query error: column \"updated_at\" does not exist","query":"\n      SELECT id, name_en, name_rw, created_at, updated_at\n      FROM categories\n      ORDER BY id ASC\n    ","service":"event-locator-api","timestamp":"2025-04-03 21:55:42"}
{"code":"42703","file":"D:\\a\\postgresql-packaging-foundation\\postgresql-packaging-foundation\\postgresql-13.20\\src\\backend\\parser\\parse_relation.c","hint":"Perhaps you meant to reference the column \"categories.created_at\".","length":283,"level":"error","line":"3572","message":"Error fetching categories: column \"updated_at\" does not exist","name":"error","position":"49","routine":"errorMissingColumn","service":"event-locator-api","severity":"ERROR","stack":"error: column \"updated_at\" does not exist\n    at C:\\Users\\user\\CascadeProjects\\Event-Locator-App---Backend\\node_modules\\pg-pool\\index.js:45:11\n    at process.processTicksAndRejections (node:internal/process/task_queues:105:5)\n    at async Object.query (C:\\Users\\user\\CascadeProjects\\Event-Locator-App---Backend\\src\\config\\database.js:76:20)\n    at async Category.getAll (C:\\Users\\user\\CascadeProjects\\Event-Locator-App---Backend\\src\\models\\category.model.js:15:22)\n    at async getAll (C:\\Users\\user\\CascadeProjects\\Event-Locator-App---Backend\\src\\controllers\\category.controller.js:13:26)","timestamp":"2025-04-03 21:55:42"}
{"code":"42703","file":"D:\\a\\postgresql-packaging-foundation\\postgresql-packaging-foundation\\postgresql-13.20\\src\\backend\\parser\\parse_relation.c","hint":"Perhaps you meant to reference the column \"categories.created_at\".","length":283,"level":"error","line":"3572","message":"Unhandled error: column \"updated_at\" does not exist","name":"error","position":"49","routine":"errorMissingColumn","service":"event-locator-api","severity":"ERROR","stack":"error: column \"updated_at\" does not exist\n    at C:\\Users\\user\\CascadeProjects\\Event-Locator-App---Backend\\node_modules\\pg-pool\\index.js:45:11\n    at process.processTicksAndRejections (node:internal/process/task_queues:105:5)\n    at async Object.query (C:\\Users\\user\\CascadeProjects\\Event-Locator-App---Backend\\src\\config\\database.js:76:20)\n    at async Category.getAll (C:\\Users\\user\\CascadeProjects\\Event-Locator-App---Backend\\src\\models\\category.model.js:15:22)\n    at async getAll (C:\\Users\\user\\CascadeProjects\\Event-Locator-App---Backend\\src\\controllers\\category.controller.js:13:26)","timestamp":"2025-04-03 21:55:42"}
{"database":"event_locator","host":"localhost","level":"debug","message":"Database connection details:","passwordProvided":true,"port":"5433","service":"event-locator-api","timestamp":"2025-04-03 21:58:22","user":"postgres"}
{"level":"info","message":"Server running on port 3000","service":"event-locator-api","timestamp":"2025-04-03 21:58:23"}
{"level":"info","message":"API Documentation available at http://localhost:3000/api-docs","service":"event-locator-api","timestamp":"2025-04-03 21:58:23"}
{"level":"info","message":"i18next initialized successfully","service":"event-locator-api","timestamp":"2025-04-03 21:58:23"}
{"level":"info","message":"Available languages: en","service":"event-locator-api","timestamp":"2025-04-03 21:58:23"}
{"level":"info","message":"Default language: en","service":"event-locator-api","timestamp":"2025-04-03 21:58:23"}
{"level":"info","message":"New client connected to PostgreSQL","service":"event-locator-api","timestamp":"2025-04-03 21:58:23"}
{"level":"info","message":"PostGIS extension is available","service":"event-locator-api","timestamp":"2025-04-03 21:58:23"}
{"level":"info","message":"Connected to database with PostGIS version: 3.5 USE_GEOS=1 USE_PROJ=1 USE_STATS=1","service":"event-locator-api","timestamp":"2025-04-03 21:58:23"}
{"level":"info","message":"Successfully connected to database: event_locator","service":"event-locator-api","timestamp":"2025-04-03 21:58:23"}
{"level":"info","message":"Database connection successful","service":"event-locator-api","timestamp":"2025-04-03 21:58:23"}
{"authHeader":"Not present","ip":"::1","level":"info","message":"GET /api/categories","service":"event-locator-api","timestamp":"2025-04-03 21:59:07","userAgent":"PostmanRuntime/7.43.3"}
{"level":"info","message":"New client connected to PostgreSQL","service":"event-locator-api","timestamp":"2025-04-03 21:59:07"}
{"level":"info","message":"PostGIS extension is available","service":"event-locator-api","timestamp":"2025-04-03 21:59:07"}
{"authHeader":"Present","ip":"::1","level":"info","message":"PUT /api/users/preferences","service":"event-locator-api","timestamp":"2025-04-03 21:59:38","userAgent":"PostmanRuntime/7.43.3"}
{"level":"debug","message":"User authenticated: r.kaze@alustudent.com (16)","service":"event-locator-api","timestamp":"2025-04-03 21:59:38"}
{"database":"event_locator","host":"localhost","level":"debug","message":"Database connection details:","passwordProvided":true,"port":"5433","service":"event-locator-api","timestamp":"2025-04-03 22:02:41","user":"postgres"}
{"level":"info","message":"Server running on port 3000","service":"event-locator-api","timestamp":"2025-04-03 22:02:42"}
{"level":"info","message":"API Documentation available at http://localhost:3000/api-docs","service":"event-locator-api","timestamp":"2025-04-03 22:02:42"}
{"level":"info","message":"i18next initialized successfully","service":"event-locator-api","timestamp":"2025-04-03 22:02:42"}
{"level":"info","message":"Available languages: en","service":"event-locator-api","timestamp":"2025-04-03 22:02:42"}
{"level":"info","message":"Default language: en","service":"event-locator-api","timestamp":"2025-04-03 22:02:42"}
{"level":"info","message":"New client connected to PostgreSQL","service":"event-locator-api","timestamp":"2025-04-03 22:02:42"}
{"level":"info","message":"PostGIS extension is available","service":"event-locator-api","timestamp":"2025-04-03 22:02:42"}
{"level":"info","message":"Connected to database with PostGIS version: 3.5 USE_GEOS=1 USE_PROJ=1 USE_STATS=1","service":"event-locator-api","timestamp":"2025-04-03 22:02:42"}
{"level":"info","message":"Successfully connected to database: event_locator","service":"event-locator-api","timestamp":"2025-04-03 22:02:42"}
{"level":"info","message":"Database connection successful","service":"event-locator-api","timestamp":"2025-04-03 22:02:42"}
{"authHeader":"Present","ip":"::1","level":"info","message":"PUT /api/users/preferences","service":"event-locator-api","timestamp":"2025-04-03 22:03:44","userAgent":"PostmanRuntime/7.43.3"}
{"level":"debug","message":"User authenticated: r.kaze@alustudent.com (16)","service":"event-locator-api","timestamp":"2025-04-03 22:03:44"}
{"level":"info","message":"New client connected to PostgreSQL","service":"event-locator-api","timestamp":"2025-04-03 22:03:44"}
{"level":"info","message":"PostGIS extension is available","service":"event-locator-api","timestamp":"2025-04-03 22:03:44"}
{"error":"error: null value in column \"category_id\" of relation \"user_preferences\" violates not-null constraint\n    at C:\\Users\\user\\CascadeProjects\\Event-Locator-App---Backend\\node_modules\\pg-pool\\index.js:45:11\n    at process.processTicksAndRejections (node:internal/process/task_queues:105:5)\n    at async Object.query (C:\\Users\\user\\CascadeProjects\\Event-Locator-App---Backend\\src\\config\\database.js:76:20)\n    at async User.updatePreferences (C:\\Users\\user\\CascadeProjects\\Event-Locator-App---Backend\\src\\models\\user.model.js:186:9)\n    at async updatePreferences (C:\\Users\\user\\CascadeProjects\\Event-Locator-App---Backend\\src\\controllers\\user.controller.js:107:27)","level":"error","message":"Query error: null value in column \"category_id\" of relation \"user_preferences\" violates not-null constraint","params":"[16,10]","query":"\n          INSERT INTO user_preferences (user_id, notification_radius)\n          VALUES ($1, $2)","service":"event-locator-api","timestamp":"2025-04-03 22:03:44"}
{"code":"23502","column":"category_id","detail":"Failing row contains (26, 16, null, 10, 2025-04-03 22:03:44.298136+02, 2025-04-03 22:03:44.298136+02).","file":"D:\\a\\postgresql-packaging-foundation\\postgresql-packaging-foundation\\postgresql-13.20\\src\\backend\\executor\\execMain.c","length":407,"level":"error","line":"1948","message":"Unhandled error: null value in column \"category_id\" of relation \"user_preferences\" violates not-null constraint","name":"error","routine":"ExecConstraints","schema":"public","service":"event-locator-api","severity":"ERROR","stack":"error: null value in column \"category_id\" of relation \"user_preferences\" violates not-null constraint\n    at C:\\Users\\user\\CascadeProjects\\Event-Locator-App---Backend\\node_modules\\pg-pool\\index.js:45:11\n    at process.processTicksAndRejections (node:internal/process/task_queues:105:5)\n    at async Object.query (C:\\Users\\user\\CascadeProjects\\Event-Locator-App---Backend\\src\\config\\database.js:76:20)\n    at async User.updatePreferences (C:\\Users\\user\\CascadeProjects\\Event-Locator-App---Backend\\src\\models\\user.model.js:186:9)\n    at async updatePreferences (C:\\Users\\user\\CascadeProjects\\Event-Locator-App---Backend\\src\\controllers\\user.controller.js:107:27)","table":"user_preferences","timestamp":"2025-04-03 22:03:44"}
{"database":"event_locator","host":"localhost","level":"debug","message":"Database connection details:","passwordProvided":true,"port":"5433","service":"event-locator-api","timestamp":"2025-04-03 22:05:25","user":"postgres"}
{"level":"info","message":"Server running on port 3000","service":"event-locator-api","timestamp":"2025-04-03 22:05:26"}
{"level":"info","message":"API Documentation available at http://localhost:3000/api-docs","service":"event-locator-api","timestamp":"2025-04-03 22:05:26"}
{"level":"info","message":"i18next initialized successfully","service":"event-locator-api","timestamp":"2025-04-03 22:05:26"}
{"level":"info","message":"Available languages: en","service":"event-locator-api","timestamp":"2025-04-03 22:05:26"}
{"level":"info","message":"Default language: en","service":"event-locator-api","timestamp":"2025-04-03 22:05:26"}
{"level":"info","message":"New client connected to PostgreSQL","service":"event-locator-api","timestamp":"2025-04-03 22:05:26"}
{"level":"info","message":"PostGIS extension is available","service":"event-locator-api","timestamp":"2025-04-03 22:05:26"}
{"level":"info","message":"Connected to database with PostGIS version: 3.5 USE_GEOS=1 USE_PROJ=1 USE_STATS=1","service":"event-locator-api","timestamp":"2025-04-03 22:05:26"}
{"level":"info","message":"Successfully connected to database: event_locator","service":"event-locator-api","timestamp":"2025-04-03 22:05:26"}
{"level":"info","message":"Database connection successful","service":"event-locator-api","timestamp":"2025-04-03 22:05:26"}
{"authHeader":"Not present","ip":"::1","level":"info","message":"GET /api/health","service":"event-locator-api","timestamp":"2025-04-03 22:05:48","userAgent":"Mozilla/5.0 (Windows NT; Windows NT 10.0; en-US) WindowsPowerShell/5.1.26100.3624"}
{"level":"info","message":"Connected to database with PostGIS version: 3.5 USE_GEOS=1 USE_PROJ=1 USE_STATS=1","service":"event-locator-api","timestamp":"2025-04-03 22:05:48"}
{"level":"info","message":"Successfully connected to database: event_locator","service":"event-locator-api","timestamp":"2025-04-03 22:05:48"}
{"database":"event_locator","host":"localhost","level":"debug","message":"Database connection details:","passwordProvided":true,"port":"5433","service":"event-locator-api","timestamp":"2025-04-03 22:07:46","user":"postgres"}
{"level":"info","message":"Server running on port 3000","service":"event-locator-api","timestamp":"2025-04-03 22:07:47"}
{"level":"info","message":"API Documentation available at http://localhost:3000/api-docs","service":"event-locator-api","timestamp":"2025-04-03 22:07:47"}
{"level":"info","message":"i18next initialized successfully","service":"event-locator-api","timestamp":"2025-04-03 22:07:47"}
{"level":"info","message":"Available languages: en","service":"event-locator-api","timestamp":"2025-04-03 22:07:47"}
{"level":"info","message":"Default language: en","service":"event-locator-api","timestamp":"2025-04-03 22:07:47"}
{"level":"info","message":"New client connected to PostgreSQL","service":"event-locator-api","timestamp":"2025-04-03 22:07:47"}
{"level":"info","message":"PostGIS extension is available","service":"event-locator-api","timestamp":"2025-04-03 22:07:47"}
{"level":"info","message":"Connected to database with PostGIS version: 3.5 USE_GEOS=1 USE_PROJ=1 USE_STATS=1","service":"event-locator-api","timestamp":"2025-04-03 22:07:47"}
{"level":"info","message":"Successfully connected to database: event_locator","service":"event-locator-api","timestamp":"2025-04-03 22:07:47"}
{"level":"info","message":"Database connection successful","service":"event-locator-api","timestamp":"2025-04-03 22:07:47"}
{"authHeader":"Present","ip":"::1","level":"info","message":"PUT /api/users/preferences","service":"event-locator-api","timestamp":"2025-04-03 22:08:12","userAgent":"PostmanRuntime/7.43.3"}
{"level":"debug","message":"User authenticated: r.kaze@alustudent.com (16)","service":"event-locator-api","timestamp":"2025-04-03 22:08:12"}
{"error":"error: null value in column \"category_id\" of relation \"user_preferences\" violates not-null constraint\n    at C:\\Users\\user\\CascadeProjects\\Event-Locator-App---Backend\\node_modules\\pg-pool\\index.js:45:11\n    at process.processTicksAndRejections (node:internal/process/task_queues:105:5)\n    at async Object.query (C:\\Users\\user\\CascadeProjects\\Event-Locator-App---Backend\\src\\config\\database.js:76:20)\n    at async User.updatePreferences (C:\\Users\\user\\CascadeProjects\\Event-Locator-App---Backend\\src\\models\\user.model.js:189:9)\n    at async updatePreferences (C:\\Users\\user\\CascadeProjects\\Event-Locator-App---Backend\\src\\controllers\\user.controller.js:107:27)","level":"error","message":"Query error: null value in column \"category_id\" of relation \"user_preferences\" violates not-null constraint","params":"[16,10]","query":"\n          INSERT INTO user_preferences (user_id, notification_radius)\n          VALUES ($1, $2)","service":"event-locator-api","timestamp":"2025-04-03 22:08:12"}
{"level":"info","message":"New client connected to PostgreSQL","service":"event-locator-api","timestamp":"2025-04-03 22:08:12"}
{"level":"info","message":"PostGIS extension is available","service":"event-locator-api","timestamp":"2025-04-03 22:08:12"}
{"code":"23502","column":"category_id","detail":"Failing row contains (30, 16, null, 10, 2025-04-03 22:08:12.144446+02, 2025-04-03 22:08:12.144446+02).","file":"D:\\a\\postgresql-packaging-foundation\\postgresql-packaging-foundation\\postgresql-13.20\\src\\backend\\executor\\execMain.c","length":407,"level":"error","line":"1948","message":"Unhandled error: null value in column \"category_id\" of relation \"user_preferences\" violates not-null constraint","name":"error","routine":"ExecConstraints","schema":"public","service":"event-locator-api","severity":"ERROR","stack":"error: null value in column \"category_id\" of relation \"user_preferences\" violates not-null constraint\n    at C:\\Users\\user\\CascadeProjects\\Event-Locator-App---Backend\\node_modules\\pg-pool\\index.js:45:11\n    at process.processTicksAndRejections (node:internal/process/task_queues:105:5)\n    at async Object.query (C:\\Users\\user\\CascadeProjects\\Event-Locator-App---Backend\\src\\config\\database.js:76:20)\n    at async User.updatePreferences (C:\\Users\\user\\CascadeProjects\\Event-Locator-App---Backend\\src\\models\\user.model.js:189:9)\n    at async updatePreferences (C:\\Users\\user\\CascadeProjects\\Event-Locator-App---Backend\\src\\controllers\\user.controller.js:107:27)","table":"user_preferences","timestamp":"2025-04-03 22:08:12"}
{"level":"info","message":"New client connected to PostgreSQL","service":"event-locator-api","timestamp":"2025-04-03 22:09:21"}
{"0":"e","1":"x","10":"\"","11":"p","12":"o","13":"s","14":"t","15":"g","16":"i","17":"s","18":"\"","19":" ","2":"t","20":"i","21":"s","22":" ","23":"n","24":"o","25":"t","26":" ","27":"a","28":"v","29":"a","3":"e","30":"i","31":"l","32":"a","33":"b","34":"l","35":"e","4":"n","5":"s","6":"i","7":"o","8":"n","9":" ","level":"error","message":"Error creating PostGIS extension:","service":"event-locator-api","timestamp":"2025-04-03 22:09:21"}
{"error":"error: syntax error at end of input\n    at C:\\Users\\user\\CascadeProjects\\Event-Locator-App---Backend\\node_modules\\pg-pool\\index.js:45:11\n    at process.processTicksAndRejections (node:internal/process/task_queues:105:5)\n    at async Object.query (C:\\Users\\user\\CascadeProjects\\Event-Locator-App---Backend\\src\\config\\database.js:76:20)\n    at async checkTable ([eval]:1:97)","level":"error","message":"Query error: syntax error at end of input","params":"[\"user_preferences\"]","query":"SELECT column_name, data_type, is_nullable FROM information_schema.columns WHERE table_name = ","service":"event-locator-api","timestamp":"2025-04-03 22:09:21"}
{"database":"event_locator","host":"localhost","level":"debug","message":"Database connection details:","passwordProvided":true,"port":"5433","service":"event-locator-api","timestamp":"2025-04-03 22:10:58","user":"postgres"}
{"level":"info","message":"Server running on port 3000","service":"event-locator-api","timestamp":"2025-04-03 22:10:59"}
{"level":"info","message":"API Documentation available at http://localhost:3000/api-docs","service":"event-locator-api","timestamp":"2025-04-03 22:10:59"}
{"level":"info","message":"i18next initialized successfully","service":"event-locator-api","timestamp":"2025-04-03 22:10:59"}
{"level":"info","message":"Available languages: en","service":"event-locator-api","timestamp":"2025-04-03 22:10:59"}
{"level":"info","message":"Default language: en","service":"event-locator-api","timestamp":"2025-04-03 22:10:59"}
{"level":"info","message":"New client connected to PostgreSQL","service":"event-locator-api","timestamp":"2025-04-03 22:10:59"}
{"level":"info","message":"PostGIS extension is available","service":"event-locator-api","timestamp":"2025-04-03 22:10:59"}
{"level":"info","message":"Connected to database with PostGIS version: 3.5 USE_GEOS=1 USE_PROJ=1 USE_STATS=1","service":"event-locator-api","timestamp":"2025-04-03 22:10:59"}
{"level":"info","message":"Successfully connected to database: event_locator","service":"event-locator-api","timestamp":"2025-04-03 22:10:59"}
{"level":"info","message":"Database connection successful","service":"event-locator-api","timestamp":"2025-04-03 22:10:59"}
{"authHeader":"Present","ip":"::1","level":"info","message":"PUT /api/users/preferences","service":"event-locator-api","timestamp":"2025-04-03 22:11:14","userAgent":"PostmanRuntime/7.43.3"}
{"level":"debug","message":"User authenticated: r.kaze@alustudent.com (16)","service":"event-locator-api","timestamp":"2025-04-03 22:11:14"}
